<?xml version="1.0" encoding="UTF-8"?>
<!-- Generated by org.testng.reporters.JUnitReportReporter -->
<testsuite skipped="2" hostname="W0472501MSMXT" name="com.w2a.suite.customer.testCases.OpenAccountTest" tests="2" failures="0" timestamp="2019-12-16T21:27:24 IST" time="0.043" errors="0">
  <testcase name="openAccountTest" time="0.020" classname="com.w2a.suite.customer.testCases.OpenAccountTest">
    <skipped/>
  </testcase> <!-- openAccountTest -->
  <testcase name="openAccountTest" time="0.023" classname="com.w2a.suite.customer.testCases.OpenAccountTest">
    <skipped/>
  </testcase> <!-- openAccountTest -->
</testsuite> <!-- com.w2a.suite.customer.testCases.OpenAccountTest -->
