<?xml version="1.0" encoding="UTF-8"?>
<!-- Generated by org.testng.reporters.JUnitReportReporter -->
<testsuite skipped="0" hostname="W0472501MSMXT" name="com.w2a.suite.bankManager.testCases.OpenAccountTest" tests="2" failures="0" timestamp="2019-12-16T12:55:39 IST" time="0.008" errors="0">
  <testcase name="OpenAccountTest" time="0.001" classname="com.w2a.suite.bankManager.testCases.OpenAccountTest"/>
  <testcase name="OpenAccountTest" time="0.007" classname="com.w2a.suite.bankManager.testCases.OpenAccountTest"/>
</testsuite> <!-- com.w2a.suite.bankManager.testCases.OpenAccountTest -->
