<?xml version="1.0" encoding="UTF-8"?>
<!-- Generated by org.testng.reporters.JUnitReportReporter -->
<testsuite skipped="0" hostname="W0472501MSMXT" name="com.w2a.suite.bankManager.testCases.OpenAccountTest" tests="2" failures="0" timestamp="2019-12-16T13:34:05 IST" time="0.000" errors="0">
  <testcase name="addCustomerTest" time="0.000" classname="com.w2a.suite.bankManager.testCases.OpenAccountTest"/>
  <testcase name="addCustomerTest" time="0.000" classname="com.w2a.suite.bankManager.testCases.OpenAccountTest"/>
</testsuite> <!-- com.w2a.suite.bankManager.testCases.OpenAccountTest -->
