<?xml version="1.0" encoding="UTF-8"?>
<!-- Generated by org.testng.reporters.JUnitReportReporter -->
<testsuite skipped="0" hostname="W0472501MSMXT" name="com.w2a.utilities.TestParameterisation" tests="2" failures="0" timestamp="2019-12-16T12:37:58 IST" time="0.008" errors="0">
  <testcase name="testData" time="0.000" classname="com.w2a.utilities.TestParameterisation"/>
  <testcase name="testData" time="0.008" classname="com.w2a.utilities.TestParameterisation"/>
</testsuite> <!-- com.w2a.utilities.TestParameterisation -->
